2022-02-11 15:42:25,419 - __main__ - ERROR - Uncaught exception
Traceback (most recent call last):
  File "/home/pi/moonraker-telegram-bot/bot/main.py", line 919, in <module>
    greeting_message()
  File "/home/pi/moonraker-telegram-bot/bot/main.py", line 489, in greeting_message
    bot_updater.bot.send_message(configWrap.bot.chat_id, text=mess, reply_markup=reply_markup, disable_notification=notifier.silent_status)
  File "/home/pi/moonraker-telegram-bot-env/lib/python3.7/site-packages/telegram/bot.py", line 130, in decorator
    result = func(*args, **kwargs)
  File "/home/pi/moonraker-telegram-bot-env/lib/python3.7/site-packages/telegram/bot.py", line 531, in send_message
    protect_content=protect_content,
  File "/home/pi/moonraker-telegram-bot-env/lib/python3.7/site-packages/telegram/ext/extbot.py", line 209, in _message
    protect_content=protect_content,
  File "/home/pi/moonraker-telegram-bot-env/lib/python3.7/site-packages/telegram/bot.py", line 336, in _message
    result = self._post(endpoint, data, timeout=timeout, api_kwargs=api_kwargs)
  File "/home/pi/moonraker-telegram-bot-env/lib/python3.7/site-packages/telegram/bot.py", line 296, in _post
    f'{self.base_url}/{endpoint}', data=data, timeout=effective_timeout
  File "/home/pi/moonraker-telegram-bot-env/lib/python3.7/site-packages/telegram/utils/request.py", line 366, in post
    **urlopen_kwargs,
  File "/home/pi/moonraker-telegram-bot-env/lib/python3.7/site-packages/telegram/utils/request.py", line 279, in _request_wrapper
    raise BadRequest(message)
telegram.error.BadRequest: Chat not found
Stack (most recent call last):
  File "/home/pi/moonraker-telegram-bot/bot/main.py", line 55, in handle_exception
    logger.error("Uncaught exception", exc_info=(exc_type, exc_value, exc_traceback), stack_info=True)
2022-02-11 15:42:27,975 - __main__ - ERROR - Unauthorized access detected from `None` with chat_id `1393787562`. Message: {"chat":{"type":"private","first_name":"Sashi","id":1393787562},"entities":[{"length":6,"type":"bot_command","offset":0}],"delete_chat_photo":false,"caption_entities":[],"supergroup_chat_created":false,"photo":[],"group_chat_created":false,"channel_chat_created":false,"message_id":1,"new_chat_members":[],"text":"\/start","new_chat_photo":[],"date":1644622947,"from":{"id":1393787562,"language_code":"en","is_bot":false,"first_name":"Sashi"}}
2022-02-11 15:42:29,281 - __main__ - ERROR - Unauthorized access detected from `None` with chat_id `1393787562`. Message: {"chat":{"type":"private","first_name":"Sashi","id":1393787562},"entities":[],"delete_chat_photo":false,"caption_entities":[],"supergroup_chat_created":false,"photo":[],"group_chat_created":false,"channel_chat_created":false,"message_id":3,"new_chat_members":[],"text":"test","new_chat_photo":[],"date":1644622948,"from":{"id":1393787562,"language_code":"en","is_bot":false,"first_name":"Sashi"}}
2022-02-11 15:46:19,004 - camera - WARNING - Reading video frames queue exception <built-in method with_traceback of Empty object at 0xa31933e8>
2022-02-11 15:46:19,034 - camera - WARNING - Reading video frames queue exception <built-in method with_traceback of Empty object at 0xa31933e8>
2022-02-11 15:46:19,123 - camera - WARNING - Reading video frames queue exception <built-in method with_traceback of Empty object at 0xa31933e8>
2022-02-11 15:46:19,221 - camera - WARNING - Reading video frames queue exception <built-in method with_traceback of Empty object at 0xa31933e8>
2022-02-11 15:46:19,332 - camera - WARNING - Reading video frames queue exception <built-in method with_traceback of Empty object at 0xa31933e8>
2022-02-11 15:46:19,437 - camera - WARNING - Reading video frames queue exception <built-in method with_traceback of Empty object at 0xa31933e8>
2022-02-11 15:46:19,535 - camera - WARNING - Reading video frames queue exception <built-in method with_traceback of Empty object at 0xa31933e8>
2022-02-11 15:46:19,641 - camera - WARNING - Reading video frames queue exception <built-in method with_traceback of Empty object at 0xa31933e8>
2022-02-11 15:46:19,739 - camera - WARNING - Reading video frames queue exception <built-in method with_traceback of Empty object at 0xa31933e8>
2022-02-11 15:46:19,836 - camera - WARNING - Reading video frames queue exception <built-in method with_traceback of Empty object at 0xa31933e8>
2022-02-11 15:46:19,933 - camera - WARNING - Reading video frames queue exception <built-in method with_traceback of Empty object at 0xa31933e8>
2022-02-11 15:46:20,033 - camera - WARNING - Reading video frames queue exception <built-in method with_traceback of Empty object at 0xa31933e8>
2022-02-11 15:46:20,145 - camera - WARNING - Reading video frames queue exception <built-in method with_traceback of Empty object at 0xa31933e8>
2022-02-11 15:46:20,237 - camera - WARNING - Reading video frames queue exception <built-in method with_traceback of Empty object at 0xa31933e8>
2022-02-11 15:46:20,334 - camera - WARNING - Reading video frames queue exception <built-in method with_traceback of Empty object at 0xa31933e8>
2022-02-11 15:46:20,441 - camera - WARNING - Reading video frames queue exception <built-in method with_traceback of Empty object at 0xa31933e8>
2022-02-11 15:46:20,537 - camera - WARNING - Reading video frames queue exception <built-in method with_traceback of Empty object at 0xa31933e8>
2022-02-11 15:46:20,641 - camera - WARNING - Reading video frames queue exception <built-in method with_traceback of Empty object at 0xa31933e8>
2022-02-11 15:46:20,738 - camera - WARNING - Reading video frames queue exception <built-in method with_traceback of Empty object at 0xa31933e8>
2022-02-11 15:46:20,857 - camera - WARNING - Reading video frames queue exception <built-in method with_traceback of Empty object at 0xa31933e8>
2022-02-11 15:46:20,942 - camera - WARNING - Reading video frames queue exception <built-in method with_traceback of Empty object at 0xa31933e8>
2022-02-11 15:46:21,036 - camera - WARNING - Reading video frames queue exception <built-in method with_traceback of Empty object at 0xa31933e8>
2022-02-11 15:46:21,137 - camera - WARNING - Reading video frames queue exception <built-in method with_traceback of Empty object at 0xa31933e8>
2022-02-11 15:46:21,241 - camera - WARNING - Reading video frames queue exception <built-in method with_traceback of Empty object at 0xa31933e8>
2022-02-11 15:46:21,336 - camera - WARNING - Reading video frames queue exception <built-in method with_traceback of Empty object at 0xa31933e8>
2022-02-11 15:46:21,431 - camera - WARNING - Reading video frames queue exception <built-in method with_traceback of Empty object at 0xa31933e8>
2022-02-11 15:46:21,541 - camera - WARNING - Reading video frames queue exception <built-in method with_traceback of Empty object at 0xa31933e8>
2022-02-11 15:46:21,641 - camera - WARNING - Reading video frames queue exception <built-in method with_traceback of Empty object at 0xa31933e8>
2022-02-11 15:46:21,734 - camera - WARNING - Reading video frames queue exception <built-in method with_traceback of Empty object at 0xa31933e8>
2022-02-11 15:46:21,835 - camera - WARNING - Reading video frames queue exception <built-in method with_traceback of Empty object at 0xa31933e8>
2022-02-11 15:46:21,934 - camera - WARNING - Reading video frames queue exception <built-in method with_traceback of Empty object at 0xa31933e8>
2022-02-11 15:46:22,035 - camera - WARNING - Reading video frames queue exception <built-in method with_traceback of Empty object at 0xa31933e8>
2022-02-11 15:46:22,137 - camera - WARNING - Reading video frames queue exception <built-in method with_traceback of Empty object at 0xa31933e8>
2022-02-11 15:46:22,234 - camera - WARNING - Reading video frames queue exception <built-in method with_traceback of Empty object at 0xa31933e8>
2022-02-11 15:46:22,334 - camera - WARNING - Reading video frames queue exception <built-in method with_traceback of Empty object at 0xa31933e8>
2022-02-11 15:46:22,433 - camera - WARNING - Reading video frames queue exception <built-in method with_traceback of Empty object at 0xa31933e8>
2022-02-11 15:46:22,540 - camera - WARNING - Reading video frames queue exception <built-in method with_traceback of Empty object at 0xa31933e8>
2022-02-11 15:46:22,639 - camera - WARNING - Reading video frames queue exception <built-in method with_traceback of Empty object at 0xa31933e8>
2022-02-11 15:46:22,733 - camera - WARNING - Reading video frames queue exception <built-in method with_traceback of Empty object at 0xa31933e8>
2022-02-11 15:46:22,833 - camera - WARNING - Reading video frames queue exception <built-in method with_traceback of Empty object at 0xa31933e8>
2022-02-11 15:46:22,935 - camera - WARNING - Reading video frames queue exception <built-in method with_traceback of Empty object at 0xa31933e8>
2022-02-11 15:46:23,038 - camera - WARNING - Reading video frames queue exception <built-in method with_traceback of Empty object at 0xa31933e8>
2022-02-11 15:46:23,140 - camera - WARNING - Reading video frames queue exception <built-in method with_traceback of Empty object at 0xa31933e8>
2022-02-11 15:46:23,233 - camera - WARNING - Reading video frames queue exception <built-in method with_traceback of Empty object at 0xa31933e8>
2022-02-11 15:46:23,320 - camera - WARNING - Reading video frames queue exception <built-in method with_traceback of Empty object at 0xa31933e8>
2022-02-11 15:46:23,420 - camera - WARNING - Reading video frames queue exception <built-in method with_traceback of Empty object at 0xa31933e8>
2022-02-11 15:46:23,519 - camera - WARNING - Reading video frames queue exception <built-in method with_traceback of Empty object at 0xa31933e8>
2022-02-11 15:46:23,621 - camera - WARNING - Reading video frames queue exception <built-in method with_traceback of Empty object at 0xa31933e8>
2022-02-11 15:46:23,719 - camera - WARNING - Reading video frames queue exception <built-in method with_traceback of Empty object at 0xa31933e8>
2022-02-11 15:46:23,819 - camera - WARNING - Reading video frames queue exception <built-in method with_traceback of Empty object at 0xa31933e8>
2022-02-11 15:46:23,919 - camera - WARNING - Reading video frames queue exception <built-in method with_traceback of Empty object at 0xa31933e8>
